<?xml version="1.0" encoding="UTF-8"?>
<testng-results ignored="0" total="1" passed="1" failed="0" skipped="0">
  <reporter-output>
  </reporter-output>
  <suite started-at="2024-11-07T22:40:25 IST" name="Default suite" finished-at="2024-11-07T22:40:35 IST" duration-ms="9694">
    <groups>
    </groups>
    <test started-at="2024-11-07T22:40:25 IST" name="Default test" finished-at="2024-11-07T22:40:35 IST" duration-ms="9694">
      <class name="extentReports.AssignExtentReport">
        <test-method signature="Assignment()[pri:0, instance:extentReports.AssignExtentReport@26e356f0]" started-at="2024-11-07T22:40:25 IST" name="Assignment" finished-at="2024-11-07T22:40:35 IST" duration-ms="9638" status="PASS">
          <reporter-output>
          </reporter-output>
        </test-method> <!-- Assignment -->
      </class> <!-- extentReports.AssignExtentReport -->
    </test> <!-- Default test -->
  </suite> <!-- Default suite -->
</testng-results>
